Using pre-set license
Built from '2020.2/staging' branch; Version is '2020.2.7f1 (c53830e277f1) revision 12924976'; Using compiler version '192528614'; Build Type 'Release'
OS: 'Windows 10 Pro; OS build 19041.928; Version 2004; 64bit' Language: 'en' Physical Memory: 24437 MB
BatchMode: 1, IsHumanControllingUs: 0, StartBugReporterOnCrash: 0, Is64bit: 1, IsPro: 0

 COMMAND LINE ARGUMENTS:
E:\Unity\2020.2.7f1\Editor\Unity.exe
-adb2
-batchMode
-noUpm
-name
AssetImportWorker0
-projectPath
E:/Unity/D6_Game/D6_Game
-logFile
Logs/AssetImportWorker0.log
-srvPort
49697
Successfully changed project path to: E:/Unity/D6_Game/D6_Game
E:/Unity/D6_Game/D6_Game
Using Asset Import Pipeline V2.
Refreshing native plugins compatible for Editor in 41.33 ms, found 1 plugins.
Preloading 0 native plugins for Editor in 0.00 ms.
Initialize engine version: 2020.2.7f1 (c53830e277f1)
[Subsystems] Discovering subsystems at path E:/Unity/2020.2.7f1/Editor/Data/Resources/UnitySubsystems
[Subsystems] Discovering subsystems at path E:/Unity/D6_Game/D6_Game/Assets
GfxDevice: creating device client; threaded=0
Direct3D:
    Version:  Direct3D 11.0 [level 11.1]
    Renderer: NVIDIA GeForce GTX 1070 (ID=0x1b81)
    Vendor:   
    VRAM:     8088 MB
    Driver:   27.21.14.6089
Initialize mono
Mono path[0] = 'E:/Unity/2020.2.7f1/Editor/Data/Managed'
Mono path[1] = 'E:/Unity/2020.2.7f1/Editor/Data/MonoBleedingEdge/lib/mono/unityjit'
Mono config path = 'E:/Unity/2020.2.7f1/Editor/Data/MonoBleedingEdge/etc'
Using monoOptions --debugger-agent=transport=dt_socket,embedding=1,server=y,suspend=n,address=127.0.0.1:56336
Begin MonoManager ReloadAssembly
Registering precompiled unity dll's ...
Register platform support module: E:/Unity/2020.2.7f1/Editor/Data/PlaybackEngines/WindowsStandaloneSupport/UnityEditor.WindowsStandalone.Extensions.dll
Registered in 0.002871 seconds.
Native extension for WindowsStandalone target not found
Refreshing native plugins compatible for Editor in 42.33 ms, found 1 plugins.
Preloading 0 native plugins for Editor in 0.00 ms.
Invoked RoslynAnalysisRunner static constructor.
RoslynAnalysisRunner will not be running.
RoslynAnalysisRunner has terminated.
Mono: successfully reloaded assembly
- Completed reload, in  2.335 seconds
Platform modules already initialized, skipping
Registering precompiled user dll's ...
Registered in 0.002345 seconds.
Begin MonoManager ReloadAssembly
Native extension for WindowsStandalone target not found
Refreshing native plugins compatible for Editor in 41.77 ms, found 1 plugins.
Preloading 0 native plugins for Editor in 0.00 ms.
Invoked RoslynAnalysisRunner static constructor.
RoslynAnalysisRunner will not be running.
RoslynAnalysisRunner has terminated.
Mono: successfully reloaded assembly
- Completed reload, in  1.224 seconds
Platform modules already initialized, skipping
========================================================================
Worker process is ready to serve import requests
Launched and connected shader compiler UnityShaderCompiler.exe after 0.07 seconds
Refreshing native plugins compatible for Editor in 0.70 ms, found 1 plugins.
Preloading 0 native plugins for Editor in 0.00 ms.
Unloading 1815 Unused Serialized files (Serialized files now loaded: 0)
System memory in use before: 84.8 MB.
System memory in use after: 84.7 MB.

Unloading 24 unused Assets to reduce memory usage. Loaded Objects now: 2258.
Total: 3.118900 ms (FindLiveObjects: 0.260500 ms CreateObjectMapping: 0.246600 ms MarkObjects: 2.421600 ms  DeleteObjects: 0.188900 ms)

========================================================================
Received Import Request.
  path: Assets/Prefab/Player.prefab
  artifactKey: Guid(47a010307799c0044a8c99714bd7a527) Importer(815301076,1909f56bfc062723c751e8b465ee728b)
Start importing Assets/Prefab/Player.prefab using Guid(47a010307799c0044a8c99714bd7a527) Importer(815301076,1909f56bfc062723c751e8b465ee728b)  -> (artifact id: '261165620065a4076a71465210bb083a') in 0.075703 seconds
  Import took 0.079706 seconds .

========================================================================
Received Prepare
Refreshing native plugins compatible for Editor in 3.52 ms, found 1 plugins.
Preloading 0 native plugins for Editor in 0.00 ms.
Unloading 10 Unused Serialized files (Serialized files now loaded: 0)
System memory in use before: 49.0 MB.
System memory in use after: 49.0 MB.

Unloading 10 unused Assets to reduce memory usage. Loaded Objects now: 2258.
Total: 4.883300 ms (FindLiveObjects: 0.402500 ms CreateObjectMapping: 0.214600 ms MarkObjects: 3.993000 ms  DeleteObjects: 0.270900 ms)

========================================================================
Received Import Request.
  Time since last request: 17.359240 seconds.
  path: ProjectSettings/TagManager.asset
  artifactKey: Guid(00000000000000003000000000000000) Importer(815301076,1909f56bfc062723c751e8b465ee728b)
Start importing ProjectSettings/TagManager.asset using Guid(00000000000000003000000000000000) Importer(815301076,1909f56bfc062723c751e8b465ee728b)  -> (artifact id: 'a0a9a4c9f275c3dfe2db615820932128') in 0.008198 seconds
  Import took 0.021645 seconds .

========================================================================
Received Import Request.
  Time since last request: 16.324733 seconds.
  path: Assets/Prefab/green dice 5.prefab
  artifactKey: Guid(147242e712eb75947ba52b4993a2ce72) Importer(815301076,1909f56bfc062723c751e8b465ee728b)
Start importing Assets/Prefab/green dice 5.prefab using Guid(147242e712eb75947ba52b4993a2ce72) Importer(815301076,1909f56bfc062723c751e8b465ee728b)  -> (artifact id: 'f314f1cef1db191370b0b4ad8b3b5d6b') in 0.074635 seconds
  Import took 0.079353 seconds .

========================================================================
Received Import Request.
  Time since last request: 0.000382 seconds.
  path: Assets/Prefab/green dice 2.prefab
  artifactKey: Guid(a91b9e102df69924db9dda87bc4658ae) Importer(815301076,1909f56bfc062723c751e8b465ee728b)
Start importing Assets/Prefab/green dice 2.prefab using Guid(a91b9e102df69924db9dda87bc4658ae) Importer(815301076,1909f56bfc062723c751e8b465ee728b)  -> (artifact id: '3a0e4e791016020ba468915d6a3851f1') in 0.014381 seconds
  Import took 0.018155 seconds .

========================================================================
Received Import Request.
  Time since last request: 0.000349 seconds.
  path: Assets/Prefab/green dice 4.prefab
  artifactKey: Guid(ddcbb200da4c4f14c93ef79e6e9dd16e) Importer(815301076,1909f56bfc062723c751e8b465ee728b)
Start importing Assets/Prefab/green dice 4.prefab using Guid(ddcbb200da4c4f14c93ef79e6e9dd16e) Importer(815301076,1909f56bfc062723c751e8b465ee728b)  -> (artifact id: '545605a45064b4efc5527a657fc77c54') in 0.012145 seconds
  Import took 0.015476 seconds .

========================================================================
Received Import Request.
  Time since last request: 0.000446 seconds.
  path: Assets/Prefab/green dice 6.prefab
  artifactKey: Guid(db9f064eb6b0a4646b6876dc35f8eb6c) Importer(815301076,1909f56bfc062723c751e8b465ee728b)
Start importing Assets/Prefab/green dice 6.prefab using Guid(db9f064eb6b0a4646b6876dc35f8eb6c) Importer(815301076,1909f56bfc062723c751e8b465ee728b)  -> (artifact id: '5aea1889c4b8b5a27dc9d2596e5bc772') in 0.011753 seconds
  Import took 0.015382 seconds .

========================================================================
Received Import Request.
  Time since last request: 0.000365 seconds.
  path: Assets/Prefab/green dice 1.prefab
  artifactKey: Guid(e8db935f89965294392adb447c7ace83) Importer(815301076,1909f56bfc062723c751e8b465ee728b)
Start importing Assets/Prefab/green dice 1.prefab using Guid(e8db935f89965294392adb447c7ace83) Importer(815301076,1909f56bfc062723c751e8b465ee728b)  -> (artifact id: 'bcb9fb7a1e4f4c6c6f3b16e84f7855af') in 0.013986 seconds
  Import took 0.018548 seconds .

========================================================================
Received Import Request.
  Time since last request: 0.000287 seconds.
  path: Assets/Prefab/green dice 3.prefab
  artifactKey: Guid(c37eeea3639464341b584ccd6258e0cb) Importer(815301076,1909f56bfc062723c751e8b465ee728b)
Start importing Assets/Prefab/green dice 3.prefab using Guid(c37eeea3639464341b584ccd6258e0cb) Importer(815301076,1909f56bfc062723c751e8b465ee728b)  -> (artifact id: '0abc302fb3120ab9eda538c8c348ff79') in 0.011323 seconds
  Import took 0.015383 seconds .

========================================================================
Received Import Request.
  Time since last request: 0.004031 seconds.
  path: Assets/Prefab/green dice 3.prefab
  artifactKey: Guid(c37eeea3639464341b584ccd6258e0cb) Importer(815301076,1909f56bfc062723c751e8b465ee728b)
Start importing Assets/Prefab/green dice 3.prefab using Guid(c37eeea3639464341b584ccd6258e0cb) Importer(815301076,1909f56bfc062723c751e8b465ee728b)  -> (artifact id: '0abc302fb3120ab9eda538c8c348ff79') in 0.012852 seconds
  Import took 0.017018 seconds .

AssetImportWorkerClient::OnTransportError - code=2 error=End of file
